<?xml version="1.0" encoding="UTF-8"?>
<!-- Generated by org.testng.reporters.JUnitXMLReporter -->
<testsuite ignored="20" hostname="MT-5CD127785H" failures="1" tests="11" name="Test" time="142.759" errors="0" timestamp="2021-11-23T13:33:36 IST">
  <testcase classname="com.bigsmall.testCases.SearchProductTC" name="searchProduct" time="14.972"/>
  <testcase classname="com.bigsmall.testCases.CheckoutAutomation" name="checkoutAutomation" time="0.129">
    <failure type="org.testng.internal.reflect.MethodMatcherException" message="
[public void com.bigsmall.testCases.CheckoutAutomation.checkoutAutomation(java.lang.String,java.lang.String,java.lang.String,java.lang.String,java.lang.String,java.lang.String,java.lang.String,int,java.lang.String,java.lang.String) throws java.lang.InterruptedException] has no parameters defined but was found to be using a data provider (either explicitly specified or inherited from class level annotation).
Data provider mismatch
Method: checkoutAutomation([Parameter{index=0, type=java.lang.String, declaredAnnotations=[]}, Parameter{index=1, type=java.lang.String, declaredAnnotations=[]}, Parameter{index=2, type=java.lang.String, declaredAnnotations=[]}, Parameter{index=3, type=java.lang.String, declaredAnnotations=[]}, Parameter{index=4, type=java.lang.String, declaredAnnotations=[]}, Parameter{index=5, type=java.lang.String, declaredAnnotations=[]}, Parameter{index=6, type=java.lang.String, declaredAnnotations=[]}, Parameter{index=7, type=int, declaredAnnotations=[]}, Parameter{index=8, type=java.lang.String, declaredAnnotations=[]}, Parameter{index=9, type=java.lang.String, declaredAnnotations=[]}])
Arguments: [(java.lang.String) Harry,(java.lang.String) shri12nil@gmail.com,(java.lang.String) Shriyash,(java.lang.String) Nilawar,(java.lang.String) Shaitan gali,(java.lang.String) Khatra mahal,(java.lang.String) California Gramin,(java.lang.String) 22.0,(java.lang.String) 445001.0,(java.lang.String) 9.561165559E9]">
      <![CDATA[org.testng.internal.reflect.MethodMatcherException: 
[public void com.bigsmall.testCases.CheckoutAutomation.checkoutAutomation(java.lang.String,java.lang.String,java.lang.String,java.lang.String,java.lang.String,java.lang.String,java.lang.String,int,java.lang.String,java.lang.String) throws java.lang.InterruptedException] has no parameters defined but was found to be using a data provider (either explicitly specified or inherited from class level annotation).
Data provider mismatch
Method: checkoutAutomation([Parameter{index=0, type=java.lang.String, declaredAnnotations=[]}, Parameter{index=1, type=java.lang.String, declaredAnnotations=[]}, Parameter{index=2, type=java.lang.String, declaredAnnotations=[]}, Parameter{index=3, type=java.lang.String, declaredAnnotations=[]}, Parameter{index=4, type=java.lang.String, declaredAnnotations=[]}, Parameter{index=5, type=java.lang.String, declaredAnnotations=[]}, Parameter{index=6, type=java.lang.String, declaredAnnotations=[]}, Parameter{index=7, type=int, declaredAnnotations=[]}, Parameter{index=8, type=java.lang.String, declaredAnnotations=[]}, Parameter{index=9, type=java.lang.String, declaredAnnotations=[]}])
Arguments: [(java.lang.String) Harry,(java.lang.String) shri12nil@gmail.com,(java.lang.String) Shriyash,(java.lang.String) Nilawar,(java.lang.String) Shaitan gali,(java.lang.String) Khatra mahal,(java.lang.String) California Gramin,(java.lang.String) 22.0,(java.lang.String) 445001.0,(java.lang.String) 9.561165559E9]
at java.base/java.util.ArrayList.forEach(ArrayList.java:1541)
... Removed 23 stack frames]]>
    </failure>
  </testcase> <!-- checkoutAutomation -->
  <testcase classname="com.bigsmall.testCases.SigninTC" name="signIn" time="11.231"/>
  <testcase classname="com.bigsmall.testCases.QtyIncrement" name="qtyIncrement" time="12.675"/>
  <testcase classname="com.bigsmall.testCases.HoverHeader" name="hoverHeader" time="11.95"/>
  <testcase classname="com.bigsmall.testCases.ClickLogoTC" name="HomePage" time="14.922"/>
  <testcase classname="com.bigsmall.testCases.CODAvailablityTC" name="pinCodeValidation" time="13.674"/>
  <testcase classname="com.bigsmall.testCases.CODAvailablityTC" name="pinCodeValidation" time="10.663"/>
  <testcase classname="com.bigsmall.testCases.GiftCardAutomation" name="HomePage" time="8.227"/>
  <testcase classname="com.bigsmall.testCases.CorporateGiftsValidation" name="corporateGifts" time="8.344"/>
  <testcase classname="com.bigsmall.testCases.AddToWishlist" name="addToWishlist" time="21.924"/>
  <testcase classname="com.bigsmall.utility.BaseClass" name="@BeforeTest initializeBrowser" time="0.0">
    <ignored/>
  </testcase> <!-- @BeforeTest initializeBrowser -->
  <testcase classname="com.bigsmall.utility.BaseClass" name="@BeforeTest initializeBrowser" time="0.0">
    <ignored/>
  </testcase> <!-- @BeforeTest initializeBrowser -->
  <testcase classname="com.bigsmall.utility.BaseClass" name="@BeforeTest initializeBrowser" time="0.0">
    <ignored/>
  </testcase> <!-- @BeforeTest initializeBrowser -->
  <testcase classname="com.bigsmall.utility.BaseClass" name="@BeforeTest initializeBrowser" time="0.0">
    <ignored/>
  </testcase> <!-- @BeforeTest initializeBrowser -->
  <testcase classname="com.bigsmall.utility.BaseClass" name="@BeforeTest initializeBrowser" time="0.0">
    <ignored/>
  </testcase> <!-- @BeforeTest initializeBrowser -->
  <testcase classname="com.bigsmall.utility.BaseClass" name="@BeforeTest initializeBrowser" time="0.0">
    <ignored/>
  </testcase> <!-- @BeforeTest initializeBrowser -->
  <testcase classname="com.bigsmall.utility.BaseClass" name="@BeforeTest initializeBrowser" time="0.0">
    <ignored/>
  </testcase> <!-- @BeforeTest initializeBrowser -->
  <testcase classname="com.bigsmall.utility.BaseClass" name="@BeforeTest initializeBrowser" time="0.0">
    <ignored/>
  </testcase> <!-- @BeforeTest initializeBrowser -->
  <testcase classname="com.bigsmall.utility.BaseClass" name="@BeforeTest initializeBrowser" time="0.0">
    <ignored/>
  </testcase> <!-- @BeforeTest initializeBrowser -->
  <testcase classname="com.bigsmall.utility.BaseClass" name="@BeforeTest initializeBrowser" time="0.0">
    <ignored/>
  </testcase> <!-- @BeforeTest initializeBrowser -->
  <testcase classname="com.bigsmall.utility.BaseClass" name="@AfterTest tearDown" time="0.0">
    <ignored/>
  </testcase> <!-- @AfterTest tearDown -->
  <testcase classname="com.bigsmall.utility.BaseClass" name="@AfterTest tearDown" time="0.0">
    <ignored/>
  </testcase> <!-- @AfterTest tearDown -->
  <testcase classname="com.bigsmall.utility.BaseClass" name="@AfterTest tearDown" time="0.0">
    <ignored/>
  </testcase> <!-- @AfterTest tearDown -->
  <testcase classname="com.bigsmall.utility.BaseClass" name="@AfterTest tearDown" time="0.0">
    <ignored/>
  </testcase> <!-- @AfterTest tearDown -->
  <testcase classname="com.bigsmall.utility.BaseClass" name="@AfterTest tearDown" time="0.0">
    <ignored/>
  </testcase> <!-- @AfterTest tearDown -->
  <testcase classname="com.bigsmall.utility.BaseClass" name="@AfterTest tearDown" time="0.0">
    <ignored/>
  </testcase> <!-- @AfterTest tearDown -->
  <testcase classname="com.bigsmall.utility.BaseClass" name="@AfterTest tearDown" time="0.0">
    <ignored/>
  </testcase> <!-- @AfterTest tearDown -->
  <testcase classname="com.bigsmall.utility.BaseClass" name="@AfterTest tearDown" time="0.0">
    <ignored/>
  </testcase> <!-- @AfterTest tearDown -->
  <testcase classname="com.bigsmall.utility.BaseClass" name="@AfterTest tearDown" time="0.0">
    <ignored/>
  </testcase> <!-- @AfterTest tearDown -->
  <testcase classname="com.bigsmall.utility.BaseClass" name="@AfterTest tearDown" time="0.0">
    <ignored/>
  </testcase> <!-- @AfterTest tearDown -->
</testsuite> <!-- Test -->
