<?xml version="1.0" encoding="UTF-8"?>
<testng-results ignored="0" total="1" passed="1" failed="0" skipped="0">
  <reporter-output>
  </reporter-output>
  <suite started-at="2021-11-22T11:38:16 IST" name="Suite" finished-at="2021-11-22T11:38:35 IST" duration-ms="19515">
    <groups>
    </groups>
    <test started-at="2021-11-22T11:38:16 IST" name="Test" finished-at="2021-11-22T11:38:35 IST" duration-ms="19515">
      <class name="com.bigsmall.testCases.SearchProductTC">
        <test-method is-config="true" signature="initializeBrowser()[pri:0, instance:com.bigsmall.testCases.SearchProductTC@d3890c21]" started-at="2021-11-22T11:38:16 IST" name="initializeBrowser" finished-at="2021-11-22T11:38:18 IST" duration-ms="2022" status="PASS">
          <reporter-output>
          </reporter-output>
        </test-method> <!-- initializeBrowser -->
        <test-method signature="searchProduct(java.lang.String)[pri:0, instance:com.bigsmall.testCases.SearchProductTC@d3890c21]" started-at="2021-11-22T11:38:18 IST" name="searchProduct" data-provider="getSearchData" finished-at="2021-11-22T11:38:29 IST" duration-ms="10902" status="PASS">
          <params>
            <param index="0">
              <value>
                <![CDATA[pocket wa]]>
              </value>
            </param>
          </params>
          <reporter-output>
          </reporter-output>
        </test-method> <!-- searchProduct -->
        <test-method is-config="true" signature="tearDown()[pri:0, instance:com.bigsmall.testCases.SearchProductTC@d3890c21]" started-at="2021-11-22T11:38:34 IST" name="tearDown" finished-at="2021-11-22T11:38:35 IST" duration-ms="917" status="PASS">
          <reporter-output>
          </reporter-output>
        </test-method> <!-- tearDown -->
      </class> <!-- com.bigsmall.testCases.SearchProductTC -->
    </test> <!-- Test -->
  </suite> <!-- Suite -->
</testng-results>
